2025-08-07 18:25:12,943 [INFO] 🚀 Running Scrapy spider...
2025-08-07 18:25:19,543 [INFO] ✅ Scraping complete.
2025-08-07 18:25:19,543 [INFO] 📥 Appending JSON to CSV...
2025-08-07 18:25:19,635 [INFO] ✅ Append complete.
2025-08-08 10:38:32,090 [INFO] 🚀 Running Scrapy spider...
2025-08-08 10:38:37,298 [INFO] ✅ Scraping complete.
2025-08-08 10:38:37,298 [INFO] 📥 Appending JSON to CSV...
2025-08-08 10:38:37,406 [ERROR] ❌ Append failed: Command '['C:\\Users\\Wakch\\AppData\\Local\\Programs\\Python\\Python312\\python.exe', 'loanrates\\spiders\\append_json_to_csv.py']' returned non-zero exit status 1.
2025-08-08 10:53:41,797 [INFO] 🚀 Running Scrapy spider...
2025-08-08 10:53:44,924 [INFO] ✅ Scraping complete.
2025-08-08 10:53:44,927 [INFO] 📥 Appending JSON to CSV...
2025-08-08 10:53:45,003 [INFO] ✅ Append complete.
2025-08-08 10:56:28,953 [INFO] Running Scrapy spider...
2025-08-08 10:56:35,333 [INFO] Scraping complete.
2025-08-08 10:56:35,333 [INFO] Appending JSON to CSV...
2025-08-08 10:56:35,425 [INFO] Append complete.
2025-08-08 15:29:50,474 [INFO] Running Scrapy spider...
2025-08-08 15:29:57,159 [INFO] Scraping complete.
2025-08-08 15:29:57,161 [INFO] Appending JSON to CSV...
2025-08-08 15:29:57,254 [INFO] Append complete.
2025-08-11 10:42:48,707 [INFO] Running Scrapy spider...
2025-08-11 10:42:57,778 [INFO] Scraping complete.
2025-08-11 10:42:57,778 [INFO] Appending JSON to CSV...
2025-08-11 10:42:57,912 [INFO] Append complete.
2025-08-12 11:14:08,738 [INFO] Running Scrapy spider...
2025-08-12 11:14:12,890 [INFO] Scraping complete.
2025-08-12 11:14:12,890 [INFO] Appending JSON to CSV...
2025-08-12 11:14:12,976 [INFO] Append complete.
2025-08-21 10:36:44,590 [INFO] Running Scrapy spider...
2025-08-21 10:37:05,966 [INFO] Scraping complete.
2025-08-21 10:37:05,966 [INFO] Appending JSON to CSV...
2025-08-21 10:37:06,095 [INFO] Append complete.
2025-08-21 10:38:48,218 [INFO] Running Scrapy spider...
2025-08-21 10:38:52,141 [INFO] Scraping complete.
2025-08-21 10:38:52,141 [INFO] Appending JSON to CSV...
2025-08-21 10:38:52,227 [INFO] Append complete.
2025-08-21 09:24:13,203 [INFO] Running Scrapy spider...
2025-08-21 09:24:18,195 [INFO] Scraping complete.
2025-08-21 09:24:18,195 [INFO] Appending JSON to CSV...
2025-08-21 09:24:18,225 [INFO] Append complete.
2025-08-21 09:29:24,497 [INFO] Running Scrapy spider...
2025-08-21 09:29:29,405 [INFO] Scraping complete.
2025-08-21 09:29:29,406 [INFO] Appending JSON to CSV...
2025-08-21 09:29:29,436 [INFO] Append complete.
2025-08-21 09:58:53,442 [INFO] Running Scrapy spider...
2025-08-21 09:58:56,359 [INFO] Scraping complete.
2025-08-21 09:58:56,359 [INFO] Appending JSON to CSV...
2025-08-21 09:58:56,389 [INFO] Append complete.
2025-08-22 05:09:26,890 [INFO] Running Scrapy spider...
2025-08-22 05:09:30,064 [INFO] Scraping complete.
2025-08-22 05:09:30,065 [INFO] Appending JSON to CSV...
2025-08-22 05:09:30,095 [INFO] Append complete.
2025-08-22 09:01:33,378 [INFO] Running Scrapy spider...
2025-08-22 09:01:36,046 [INFO] Scraping complete.
2025-08-22 09:01:36,046 [INFO] Appending JSON to CSV...
2025-08-22 09:01:36,077 [INFO] Append complete.
2025-08-23 05:42:21,585 [INFO] Running Scrapy spider...
2025-08-23 05:42:25,138 [INFO] Scraping complete.
2025-08-23 05:42:25,138 [INFO] Appending JSON to CSV...
2025-08-23 05:42:25,168 [INFO] Append complete.
